Added Component: Designator=C1(CAP_0603)
Add component. Clean all parameters for all variants
Add component (AddParameter): Name = "Value"; Value = "0.1u"; VariantName = "[No Variations]"
Added Component: Designator=C2(CAP_0603)
Add component. Clean all parameters for all variants
Add component (AddParameter): Name = "Value"; Value = "0.1u"; VariantName = "[No Variations]"
Added Component: Designator=C3(CAP_0603)
Add component. Clean all parameters for all variants
Add component (AddParameter): Name = "Value"; Value = "0.1u"; VariantName = "[No Variations]"
Added Component: Designator=C4(CAP_0603)
Add component. Clean all parameters for all variants
Add component (AddParameter): Name = "Value"; Value = "0.1u"; VariantName = "[No Variations]"
Added Component: Designator=C5(CAP_0603)
Add component. Clean all parameters for all variants
Add component (AddParameter): Name = "Value"; Value = "0.1u"; VariantName = "[No Variations]"
Added Component: Designator=C6(CAP_0603)
Add component. Clean all parameters for all variants
Add component (AddParameter): Name = "Value"; Value = "0.1u"; VariantName = "[No Variations]"
Added Component: Designator=C7(CAP_0603)
Add component. Clean all parameters for all variants
Add component (AddParameter): Name = "Value"; Value = "20pf"; VariantName = "[No Variations]"
Added Component: Designator=C8(CAP_0603)
Add component. Clean all parameters for all variants
Add component (AddParameter): Name = "Value"; Value = "20pf"; VariantName = "[No Variations]"
Added Component: Designator=C9(CAP_0603)
Add component. Clean all parameters for all variants
Add component (AddParameter): Name = "Value"; Value = "0.1uF"; VariantName = "[No Variations]"
Added Component: Designator=C10(CAP_0603)
Add component. Clean all parameters for all variants
Add component (AddParameter): Name = "Value"; Value = "0.1u"; VariantName = "[No Variations]"
Added Component: Designator=C11(CAP_0603)
Add component. Clean all parameters for all variants
Add component (AddParameter): Name = "Value"; Value = "0.1u"; VariantName = "[No Variations]"
Added Component: Designator=C12(CAP_0603)
Add component. Clean all parameters for all variants
Add component (AddParameter): Name = "Value"; Value = "0.1u"; VariantName = "[No Variations]"
Added Component: Designator=C13(CAP_0603)
Add component. Clean all parameters for all variants
Add component (AddParameter): Name = "Value"; Value = "0.1u"; VariantName = "[No Variations]"
Added Component: Designator=C14(CAP_0603)
Add component. Clean all parameters for all variants
Add component (AddParameter): Name = "Value"; Value = "0.1u"; VariantName = "[No Variations]"
Added Component: Designator=C15(CAP_0603)
Add component. Clean all parameters for all variants
Add component (AddParameter): Name = "Value"; Value = "220pf"; VariantName = "[No Variations]"
Added Component: Designator=C16(CAP_0603)
Add component. Clean all parameters for all variants
Add component (AddParameter): Name = "Value"; Value = "10uF"; VariantName = "[No Variations]"
Added Component: Designator=C17(CAP_0603)
Add component. Clean all parameters for all variants
Add component (AddParameter): Name = "Value"; Value = "0.1uF"; VariantName = "[No Variations]"
Added Component: Designator=C18(CAP_TAN_D2917)
Add component. Clean all parameters for all variants
Add component (AddParameter): Name = "Value"; Value = "?F"; VariantName = "[No Variations]"
Added Component: Designator=C19(CAP_0603)
Add component. Clean all parameters for all variants
Add component (AddParameter): Name = "Value"; Value = "0.1uF"; VariantName = "[No Variations]"
Added Component: Designator=C20(CAP_0603)
Add component. Clean all parameters for all variants
Add component (AddParameter): Name = "Value"; Value = "0.1uF"; VariantName = "[No Variations]"
Added Component: Designator=C21(CAP_0603)
Add component. Clean all parameters for all variants
Add component (AddParameter): Name = "Value"; Value = "0.1uF"; VariantName = "[No Variations]"
Added Component: Designator=C22(CAP_0603)
Add component. Clean all parameters for all variants
Add component (AddParameter): Name = "Value"; Value = "10uF"; VariantName = "[No Variations]"
Added Component: Designator=C23(CAP_TAN_D2917)
Add component. Clean all parameters for all variants
Add component (AddParameter): Name = "Value"; Value = "?F"; VariantName = "[No Variations]"
Added Component: Designator=D1(LED_0805_YELLOW)
Add component. Clean all parameters for all variants
Added Component: Designator=D2(DO-214AC)
Add component. Clean all parameters for all variants
Add component (AddParameter): Name = "Value"; Value = "1N?"; VariantName = "[No Variations]"
Added Component: Designator=D3(LED_0805_YELLOW)
Add component. Clean all parameters for all variants
Added Component: Designator=D4(LED_0805_YELLOW)
Add component. Clean all parameters for all variants
Added Component: Designator=D5(LED_0805_YELLOW)
Add component. Clean all parameters for all variants
Added Component: Designator=D6(0805D)
Add component. Clean all parameters for all variants
Added Component: Designator=D7(0805D)
Add component. Clean all parameters for all variants
Added Component: Designator=D8(0805D)
Add component. Clean all parameters for all variants
Added Component: Designator=D9(0805D)
Add component. Clean all parameters for all variants
Added Component: Designator=D10(0805D)
Add component. Clean all parameters for all variants
Added Component: Designator=FD(SOP_E300_20)
Add component. Clean all parameters for all variants
Added Component: Designator=L1(IND_CD52)
Add component. Clean all parameters for all variants
Add component (AddParameter): Name = "Value"; Value = "10uH"; VariantName = "[No Variations]"
Added Component: Designator=L2(IND_CD52)
Add component. Clean all parameters for all variants
Add component (AddParameter): Name = "Value"; Value = "10uH"; VariantName = "[No Variations]"
Added Component: Designator=LDO1(SOT89-3)
Add component. Clean all parameters for all variants
Added Component: Designator=LM1(SOT23-5)
Add component. Clean all parameters for all variants
Added Component: Designator=MCU1(LQFP_P0.5_64)
Add component. Clean all parameters for all variants
Added Component: Designator=MOS1(TO-252AA)
Add component. Clean all parameters for all variants
Add component (AddParameter): Name = "Value"; Value = "NMOS?"; VariantName = "[No Variations]"
Added Component: Designator=MOS2(TO-252AA)
Add component. Clean all parameters for all variants
Add component (AddParameter): Name = "Value"; Value = "NMOS?"; VariantName = "[No Variations]"
Added Component: Designator=MOS3(TO-252AA)
Add component. Clean all parameters for all variants
Add component (AddParameter): Name = "Value"; Value = "NMOS?"; VariantName = "[No Variations]"
Added Component: Designator=MOS4(TO-252AA)
Add component. Clean all parameters for all variants
Add component (AddParameter): Name = "Value"; Value = "NMOS?"; VariantName = "[No Variations]"
Added Component: Designator=MOS5(TO-252AA)
Add component. Clean all parameters for all variants
Add component (AddParameter): Name = "Value"; Value = "NMOS?"; VariantName = "[No Variations]"
Added Component: Designator=MOS6(TO-252AA)
Add component. Clean all parameters for all variants
Add component (AddParameter): Name = "Value"; Value = "NMOS?"; VariantName = "[No Variations]"
Added Component: Designator=P1(HDR1x4_2.54_180)
Add component. Clean all parameters for all variants
Added Component: Designator=P2(HDR1x4_2.54_180)
Add component. Clean all parameters for all variants
Added Component: Designator=P3(HDR1X2_2.54_180)
Add component. Clean all parameters for all variants
Added Component: Designator=P4(Green_8P)
Add component. Clean all parameters for all variants
Add component (AddParameter): Name = "LatestRevisionDate"; Value = "17-Jul-2002"; VariantName = "[No Variations]"
Add component (AddParameter): Name = "LatestRevisionNote"; Value = "Re-released for DXP Platform."; VariantName = "[No Variations]"
Add component (AddParameter): Name = "Publisher"; Value = "Altium Limited"; VariantName = "[No Variations]"
Added Component: Designator=P6(HDR1X7_2.54_180)
Add component. Clean all parameters for all variants
Added Component: Designator=R1(RES_0603)
Add component. Clean all parameters for all variants
Add component (AddParameter): Name = "Value"; Value = "10K"; VariantName = "[No Variations]"
Added Component: Designator=R2(RES_0603)
Add component. Clean all parameters for all variants
Add component (AddParameter): Name = "Value"; Value = "1M"; VariantName = "[No Variations]"
Added Component: Designator=R3(RES_0603)
Add component. Clean all parameters for all variants
Add component (AddParameter): Name = "Value"; Value = "500"; VariantName = "[No Variations]"
Added Component: Designator=R4(RES_0603)
Add component. Clean all parameters for all variants
Add component (AddParameter): Name = "Value"; Value = "10K"; VariantName = "[No Variations]"
Added Component: Designator=R5(RES_0603)
Add component. Clean all parameters for all variants
Add component (AddParameter): Name = "Value"; Value = "10K"; VariantName = "[No Variations]"
Added Component: Designator=R6(RES_0603)
Add component. Clean all parameters for all variants
Add component (AddParameter): Name = "Value"; Value = "120R"; VariantName = "[No Variations]"
Added Component: Designator=R7(RES_0603)
Add component. Clean all parameters for all variants
Add component (AddParameter): Name = "Value"; Value = "10K"; VariantName = "[No Variations]"
Added Component: Designator=R8(RES_0603)
Add component. Clean all parameters for all variants
Add component (AddParameter): Name = "Value"; Value = "10R"; VariantName = "[No Variations]"
Added Component: Designator=R9(RES_0603)
Add component. Clean all parameters for all variants
Add component (AddParameter): Name = "Value"; Value = "10R"; VariantName = "[No Variations]"
Added Component: Designator=R10(RES_0603)
Add component. Clean all parameters for all variants
Add component (AddParameter): Name = "Value"; Value = "10R"; VariantName = "[No Variations]"
Added Component: Designator=R11(RES_0603)
Add component. Clean all parameters for all variants
Add component (AddParameter): Name = "Value"; Value = "10R"; VariantName = "[No Variations]"
Added Component: Designator=R12(RES_0603)
Add component. Clean all parameters for all variants
Add component (AddParameter): Name = "Value"; Value = "10R"; VariantName = "[No Variations]"
Added Component: Designator=R13(RES_0603)
Add component. Clean all parameters for all variants
Add component (AddParameter): Name = "Value"; Value = "10R"; VariantName = "[No Variations]"
Added Component: Designator=R14(RES_0603)
Add component. Clean all parameters for all variants
Add component (AddParameter): Name = "Value"; Value = "1K"; VariantName = "[No Variations]"
Added Component: Designator=R15(RES_0603)
Add component. Clean all parameters for all variants
Add component (AddParameter): Name = "Value"; Value = "10K"; VariantName = "[No Variations]"
Added Component: Designator=R16(RES_0603)
Add component. Clean all parameters for all variants
Add component (AddParameter): Name = "Value"; Value = "3.3K"; VariantName = "[No Variations]"
Added Component: Designator=R17(RES_0603)
Add component. Clean all parameters for all variants
Add component (AddParameter): Name = "Value"; Value = "0R"; VariantName = "[No Variations]"
Added Component: Designator=R18(RES-0603)
Add component. Clean all parameters for all variants
Add component (AddParameter): Name = "LatestRevisionDate"; Value = "17-Jul-2002"; VariantName = "[No Variations]"
Add component (AddParameter): Name = "LatestRevisionNote"; Value = "Re-released for DXP Platform."; VariantName = "[No Variations]"
Add component (AddParameter): Name = "PackageReference"; Value = "AXIAL-0.3"; VariantName = "[No Variations]"
Add component (AddParameter): Name = "Published"; Value = "8-Jun-2000"; VariantName = "[No Variations]"
Add component (AddParameter): Name = "Publisher"; Value = "Altium Limited"; VariantName = "[No Variations]"
Add component (AddParameter): Name = "Value"; Value = "10K"; VariantName = "[No Variations]"
Added Component: Designator=R19(RES-0603)
Add component. Clean all parameters for all variants
Add component (AddParameter): Name = "LatestRevisionDate"; Value = "17-Jul-2002"; VariantName = "[No Variations]"
Add component (AddParameter): Name = "LatestRevisionNote"; Value = "Re-released for DXP Platform."; VariantName = "[No Variations]"
Add component (AddParameter): Name = "PackageReference"; Value = "AXIAL-0.3"; VariantName = "[No Variations]"
Add component (AddParameter): Name = "Published"; Value = "8-Jun-2000"; VariantName = "[No Variations]"
Add component (AddParameter): Name = "Publisher"; Value = "Altium Limited"; VariantName = "[No Variations]"
Add component (AddParameter): Name = "Value"; Value = "10K"; VariantName = "[No Variations]"
Added Component: Designator=R20(RES-0603)
Add component. Clean all parameters for all variants
Add component (AddParameter): Name = "LatestRevisionDate"; Value = "17-Jul-2002"; VariantName = "[No Variations]"
Add component (AddParameter): Name = "LatestRevisionNote"; Value = "Re-released for DXP Platform."; VariantName = "[No Variations]"
Add component (AddParameter): Name = "PackageReference"; Value = "AXIAL-0.3"; VariantName = "[No Variations]"
Add component (AddParameter): Name = "Published"; Value = "8-Jun-2000"; VariantName = "[No Variations]"
Add component (AddParameter): Name = "Publisher"; Value = "Altium Limited"; VariantName = "[No Variations]"
Add component (AddParameter): Name = "Value"; Value = "10K"; VariantName = "[No Variations]"
Added Component: Designator=R21(RES-0603)
Add component. Clean all parameters for all variants
Add component (AddParameter): Name = "LatestRevisionDate"; Value = "17-Jul-2002"; VariantName = "[No Variations]"
Add component (AddParameter): Name = "LatestRevisionNote"; Value = "Re-released for DXP Platform."; VariantName = "[No Variations]"
Add component (AddParameter): Name = "PackageReference"; Value = "AXIAL-0.3"; VariantName = "[No Variations]"
Add component (AddParameter): Name = "Published"; Value = "8-Jun-2000"; VariantName = "[No Variations]"
Add component (AddParameter): Name = "Publisher"; Value = "Altium Limited"; VariantName = "[No Variations]"
Add component (AddParameter): Name = "Value"; Value = "10K"; VariantName = "[No Variations]"
Added Component: Designator=R22(RES_0603)
Add component. Clean all parameters for all variants
Add component (AddParameter): Name = "Value"; Value = "10K"; VariantName = "[No Variations]"
Added Component: Designator=R23(RES-0603)
Add component. Clean all parameters for all variants
Add component (AddParameter): Name = "LatestRevisionDate"; Value = "17-Jul-2002"; VariantName = "[No Variations]"
Add component (AddParameter): Name = "LatestRevisionNote"; Value = "Re-released for DXP Platform."; VariantName = "[No Variations]"
Add component (AddParameter): Name = "PackageReference"; Value = "AXIAL-0.3"; VariantName = "[No Variations]"
Add component (AddParameter): Name = "Published"; Value = "8-Jun-2000"; VariantName = "[No Variations]"
Add component (AddParameter): Name = "Publisher"; Value = "Altium Limited"; VariantName = "[No Variations]"
Add component (AddParameter): Name = "Value"; Value = "10K"; VariantName = "[No Variations]"
Added Component: Designator=S1(ButtonTACT_3x4x2_180H)
Add component. Clean all parameters for all variants
Added Component: Designator=S2(key - duplicate)
Add component. Clean all parameters for all variants
Add component (AddParameter): Name = "LatestRevisionDate"; Value = "17-Jul-2002"; VariantName = "[No Variations]"
Add component (AddParameter): Name = "LatestRevisionNote"; Value = "Re-released for DXP Platform."; VariantName = "[No Variations]"
Add component (AddParameter): Name = "PackageDescription"; Value = "Switch; 2 Leads"; VariantName = "[No Variations]"
Add component (AddParameter): Name = "PackageReference"; Value = "SPST-2"; VariantName = "[No Variations]"
Add component (AddParameter): Name = "Published"; Value = "24-Mar-1999"; VariantName = "[No Variations]"
Add component (AddParameter): Name = "Publisher"; Value = "Altium Limited"; VariantName = "[No Variations]"
Added Component: Designator=TJA1(SOP_E150_8)
Add component. Clean all parameters for all variants
Added Component: Designator=TPS1(SOP_E150_8)
Add component. Clean all parameters for all variants
Added Component: Designator=XT1(XT_5032_2)
Add component. Clean all parameters for all variants
Add component (AddParameter): Name = "Value"; Value = "8M"; VariantName = "[No Variations]"
Added Pin To Net: NetName=3V3 Pin=C1-2
Added Pin To Net: NetName=3V3 Pin=C2-2
Added Pin To Net: NetName=3V3 Pin=C3-2
Added Pin To Net: NetName=3V3 Pin=C4-2
Added Pin To Net: NetName=3V3 Pin=C5-2
Added Pin To Net: NetName=3V3 Pin=C6-2
Added Pin To Net: NetName=3V3 Pin=C18-1
Added Pin To Net: NetName=3V3 Pin=C20-1
Added Pin To Net: NetName=3V3 Pin=LDO1-2
Added Pin To Net: NetName=3V3 Pin=MCU1-13
Added Pin To Net: NetName=3V3 Pin=MCU1-48
Added Pin To Net: NetName=3V3 Pin=MCU1-64
Added Pin To Net: NetName=3V3 Pin=P1-1
Added Pin To Net: NetName=3V3 Pin=P6-2
Added Pin To Net: NetName=3V3 Pin=R7-1
Added Pin To Net: NetName=3V3 Pin=R20-2
Added Pin To Net: NetName=3V3 Pin=R21-2
Added Net: Name=3V3
Added Pin To Net: NetName=5V Pin=C9-1
Added Pin To Net: NetName=5V Pin=C17-1
Added Pin To Net: NetName=5V Pin=C19-1
Added Pin To Net: NetName=5V Pin=C23-1
Added Pin To Net: NetName=5V Pin=L1-1
Added Pin To Net: NetName=5V Pin=L2-2
Added Pin To Net: NetName=5V Pin=LDO1-3
Added Pin To Net: NetName=5V Pin=LM1-5
Added Pin To Net: NetName=5V Pin=P2-1
Added Pin To Net: NetName=5V Pin=P4-1
Added Pin To Net: NetName=5V Pin=R3-2
Added Pin To Net: NetName=5V Pin=R15-2
Added Pin To Net: NetName=5V Pin=R19-2
Added Pin To Net: NetName=5V Pin=TJA1-3
Added Net: Name=5V
Added Pin To Net: NetName=12V Pin=C11-2
Added Pin To Net: NetName=12V Pin=C15-1
Added Pin To Net: NetName=12V Pin=C16-2
Added Pin To Net: NetName=12V Pin=D1-2
Added Pin To Net: NetName=12V Pin=D3-1
Added Pin To Net: NetName=12V Pin=D4-1
Added Pin To Net: NetName=12V Pin=D5-1
Added Pin To Net: NetName=12V Pin=FD-7
Added Pin To Net: NetName=12V Pin=R1-1
Added Pin To Net: NetName=12V Pin=R18-2
Added Net: Name=12V
Added Pin To Net: NetName=A Pin=C14-2
Added Pin To Net: NetName=A Pin=FD-18
Added Pin To Net: NetName=A Pin=MOS5-3
Added Pin To Net: NetName=A Pin=MOS6-4
Added Pin To Net: NetName=A Pin=P4-6
Added Net: Name=A
Added Pin To Net: NetName=BOOT0 Pin=MCU1-60
Added Pin To Net: NetName=BOOT0 Pin=R4-1
Added Net: Name=BOOT0
Added Pin To Net: NetName=BOOT1 Pin=MCU1-28
Added Pin To Net: NetName=BOOT1 Pin=R5-1
Added Net: Name=BOOT1
Added Pin To Net: NetName=B Pin=C13-2
Added Pin To Net: NetName=B Pin=FD-15
Added Pin To Net: NetName=B Pin=MOS3-3
Added Pin To Net: NetName=B Pin=MOS4-4
Added Pin To Net: NetName=B Pin=P4-7
Added Net: Name=B
Added Pin To Net: NetName=CAN_H Pin=R6-2
Added Pin To Net: NetName=CAN_H Pin=TJA1-7
Added Net: Name=CAN_H
Added Pin To Net: NetName=CAN_L Pin=P3-2
Added Pin To Net: NetName=CAN_L Pin=TJA1-6
Added Net: Name=CAN_L
Added Pin To Net: NetName=CAN_RX Pin=MCU1-44
Added Pin To Net: NetName=CAN_RX Pin=TJA1-4
Added Net: Name=CAN_RX
Added Pin To Net: NetName=CAN_TX Pin=MCU1-45
Added Pin To Net: NetName=CAN_TX Pin=TJA1-1
Added Net: Name=CAN_TX
Added Pin To Net: NetName=CH1_L Pin=FD-4
Added Pin To Net: NetName=CH1_L Pin=MCU1-4
Added Net: Name=CH1_L
Added Pin To Net: NetName=CH1 Pin=FD-1
Added Pin To Net: NetName=CH1 Pin=MCU1-14
Added Net: Name=CH1
Added Pin To Net: NetName=CH2_L Pin=FD-5
Added Pin To Net: NetName=CH2_L Pin=MCU1-3
Added Net: Name=CH2_L
Added Pin To Net: NetName=CH2 Pin=FD-2
Added Pin To Net: NetName=CH2 Pin=MCU1-15
Added Net: Name=CH2
Added Pin To Net: NetName=CH3_L Pin=FD-6
Added Pin To Net: NetName=CH3_L Pin=MCU1-2
Added Net: Name=CH3_L
Added Pin To Net: NetName=CH3 Pin=FD-3
Added Pin To Net: NetName=CH3 Pin=MCU1-16
Added Net: Name=CH3
Added Pin To Net: NetName=CSN Pin=MCU1-33
Added Pin To Net: NetName=CSN Pin=P6-7
Added Net: Name=CSN
Added Pin To Net: NetName=C Pin=C12-2
Added Pin To Net: NetName=C Pin=FD-12
Added Pin To Net: NetName=C Pin=MOS1-3
Added Pin To Net: NetName=C Pin=MOS2-4
Added Pin To Net: NetName=C Pin=P4-8
Added Net: Name=C
Added Pin To Net: NetName=DC Pin=MCU1-38
Added Pin To Net: NetName=DC Pin=P6-6
Added Net: Name=DC
Added Pin To Net: NetName=GND Pin=C1-1
Added Pin To Net: NetName=GND Pin=C2-1
Added Pin To Net: NetName=GND Pin=C3-1
Added Pin To Net: NetName=GND Pin=C4-1
Added Pin To Net: NetName=GND Pin=C5-1
Added Pin To Net: NetName=GND Pin=C6-1
Added Pin To Net: NetName=GND Pin=C7-1
Added Pin To Net: NetName=GND Pin=C8-1
Added Pin To Net: NetName=GND Pin=C10-1
Added Pin To Net: NetName=GND Pin=C18-2
Added Pin To Net: NetName=GND Pin=C20-2
Added Pin To Net: NetName=GND Pin=D8-K
Added Pin To Net: NetName=GND Pin=MCU1-12
Added Pin To Net: NetName=GND Pin=MCU1-47
Added Pin To Net: NetName=GND Pin=MCU1-63
Added Pin To Net: NetName=GND Pin=P1-4
Added Pin To Net: NetName=GND Pin=P2-2
Added Pin To Net: NetName=GND Pin=P6-1
Added Pin To Net: NetName=GND Pin=R4-2
Added Pin To Net: NetName=GND Pin=R5-2
Added Pin To Net: NetName=GND Pin=R17-1
Added Pin To Net: NetName=GND Pin=S1-2
Added Net: Name=GND
Added Pin To Net: NetName=HALL_A Pin=P4-2
Added Net: Name=HALL_A
Added Pin To Net: NetName=HALL_B Pin=P4-3
Added Net: Name=HALL_B
Added Pin To Net: NetName=HALL_C Pin=P4-4
Added Net: Name=HALL_C
Added Pin To Net: NetName=KEY Pin=S2-1
Added Net: Name=KEY
Added Pin To Net: NetName=MOSI Pin=MCU1-36
Added Pin To Net: NetName=MOSI Pin=P6-4
Added Net: Name=MOSI
Added Pin To Net: NetName=NetC7_2 Pin=C7-2
Added Pin To Net: NetName=NetC7_2 Pin=MCU1-5
Added Pin To Net: NetName=NetC7_2 Pin=R2-2
Added Pin To Net: NetName=NetC7_2 Pin=XT1-2
Added Net: Name=NetC7_2
Added Pin To Net: NetName=NetC8_2 Pin=C8-2
Added Pin To Net: NetName=NetC8_2 Pin=MCU1-6
Added Pin To Net: NetName=NetC8_2 Pin=R2-1
Added Pin To Net: NetName=NetC8_2 Pin=XT1-1
Added Net: Name=NetC8_2
Added Pin To Net: NetName=NetC12_1 Pin=C12-1
Added Pin To Net: NetName=NetC12_1 Pin=D3-2
Added Pin To Net: NetName=NetC12_1 Pin=FD-14
Added Net: Name=NetC12_1
Added Pin To Net: NetName=NetC13_1 Pin=C13-1
Added Pin To Net: NetName=NetC13_1 Pin=D4-2
Added Pin To Net: NetName=NetC13_1 Pin=FD-17
Added Net: Name=NetC13_1
Added Pin To Net: NetName=NetC14_1 Pin=C14-1
Added Pin To Net: NetName=NetC14_1 Pin=D5-2
Added Pin To Net: NetName=NetC14_1 Pin=FD-20
Added Net: Name=NetC14_1
Added Pin To Net: NetName=NetC15_2 Pin=C15-2
Added Pin To Net: NetName=NetC15_2 Pin=LM1-3
Added Pin To Net: NetName=NetC15_2 Pin=R1-2
Added Pin To Net: NetName=NetC15_2 Pin=R14-1
Added Net: Name=NetC15_2
Added Pin To Net: NetName=NetC21_1 Pin=C21-1
Added Pin To Net: NetName=NetC21_1 Pin=D2-2
Added Pin To Net: NetName=NetC21_1 Pin=L2-1
Added Pin To Net: NetName=NetC21_1 Pin=TPS1-8
Added Net: Name=NetC21_1
Added Pin To Net: NetName=NetC21_2 Pin=C21-2
Added Pin To Net: NetName=NetC21_2 Pin=TPS1-1
Added Net: Name=NetC21_2
Added Pin To Net: NetName=NetD1_1 Pin=D1-1
Added Pin To Net: NetName=NetD1_1 Pin=L1-2
Added Pin To Net: NetName=NetD1_1 Pin=LM1-1
Added Net: Name=NetD1_1
Added Pin To Net: NetName=NetD6_A Pin=D6-A
Added Pin To Net: NetName=NetD6_A Pin=R18-1
Added Net: Name=NetD6_A
Added Pin To Net: NetName=NetD7_A Pin=D7-A
Added Pin To Net: NetName=NetD7_A Pin=R19-1
Added Net: Name=NetD7_A
Added Pin To Net: NetName=NetD8_A Pin=D8-A
Added Pin To Net: NetName=NetD8_A Pin=R20-1
Added Net: Name=NetD8_A
Added Pin To Net: NetName=NetD9_A Pin=D9-A
Added Pin To Net: NetName=NetD9_A Pin=R21-1
Added Net: Name=NetD9_A
Added Pin To Net: NetName=NetD10_A Pin=D10-A
Added Pin To Net: NetName=NetD10_A Pin=R23-1
Added Net: Name=NetD10_A
Added Pin To Net: NetName=NetFD_9 Pin=FD-9
Added Pin To Net: NetName=NetFD_9 Pin=R9-1
Added Net: Name=NetFD_9
Added Pin To Net: NetName=NetFD_10 Pin=FD-10
Added Pin To Net: NetName=NetFD_10 Pin=R11-1
Added Net: Name=NetFD_10
Added Pin To Net: NetName=NetFD_11 Pin=FD-11
Added Pin To Net: NetName=NetFD_11 Pin=R13-1
Added Net: Name=NetFD_11
Added Pin To Net: NetName=NetFD_13 Pin=FD-13
Added Pin To Net: NetName=NetFD_13 Pin=R8-1
Added Net: Name=NetFD_13
Added Pin To Net: NetName=NetFD_16 Pin=FD-16
Added Pin To Net: NetName=NetFD_16 Pin=R10-1
Added Net: Name=NetFD_16
Added Pin To Net: NetName=NetFD_19 Pin=FD-19
Added Pin To Net: NetName=NetFD_19 Pin=R12-1
Added Net: Name=NetFD_19
Added Pin To Net: NetName=NetLM1_4 Pin=LM1-4
Added Pin To Net: NetName=NetLM1_4 Pin=R3-1
Added Net: Name=NetLM1_4
Added Pin To Net: NetName=NetMOS1_1 Pin=MOS1-1
Added Pin To Net: NetName=NetMOS1_1 Pin=R8-2
Added Net: Name=NetMOS1_1
Added Pin To Net: NetName=NetMOS2_1 Pin=MOS2-1
Added Pin To Net: NetName=NetMOS2_1 Pin=R9-2
Added Net: Name=NetMOS2_1
Added Pin To Net: NetName=NetMOS3_1 Pin=MOS3-1
Added Pin To Net: NetName=NetMOS3_1 Pin=R10-2
Added Net: Name=NetMOS3_1
Added Pin To Net: NetName=NetMOS4_1 Pin=MOS4-1
Added Pin To Net: NetName=NetMOS4_1 Pin=R11-2
Added Net: Name=NetMOS4_1
Added Pin To Net: NetName=NetMOS5_1 Pin=MOS5-1
Added Pin To Net: NetName=NetMOS5_1 Pin=R12-2
Added Net: Name=NetMOS5_1
Added Pin To Net: NetName=NetMOS6_1 Pin=MOS6-1
Added Pin To Net: NetName=NetMOS6_1 Pin=R13-2
Added Net: Name=NetMOS6_1
Added Pin To Net: NetName=NetP3_1 Pin=P3-1
Added Pin To Net: NetName=NetP3_1 Pin=R6-1
Added Net: Name=NetP3_1
Added Pin To Net: NetName=NetR15_1 Pin=R15-1
Added Pin To Net: NetName=NetR15_1 Pin=R16-2
Added Pin To Net: NetName=NetR15_1 Pin=TPS1-4
Added Net: Name=NetR15_1
Added Pin To Net: NetName=NetR22_1 Pin=R22-1
Added Pin To Net: NetName=NetR22_1 Pin=S2-2
Added Net: Name=NetR22_1
Added Pin To Net: NetName=NRST Pin=C10-2
Added Pin To Net: NetName=NRST Pin=MCU1-7
Added Pin To Net: NetName=NRST Pin=R7-2
Added Pin To Net: NetName=NRST Pin=S1-1
Added Net: Name=NRST
Added Pin To Net: NetName=PA4 Pin=MCU1-20
Added Net: Name=PA4
Added Pin To Net: NetName=PA15 Pin=MCU1-50
Added Net: Name=PA15
Added Pin To Net: NetName=PB3 Pin=MCU1-55
Added Net: Name=PB3
Added Pin To Net: NetName=PB4 Pin=MCU1-56
Added Net: Name=PB4
Added Pin To Net: NetName=PB5 Pin=MCU1-57
Added Net: Name=PB5
Added Pin To Net: NetName=PB8 Pin=MCU1-61
Added Net: Name=PB8
Added Pin To Net: NetName=PB9 Pin=MCU1-62
Added Net: Name=PB9
Added Pin To Net: NetName=PB12 Pin=D9-K
Added Net: Name=PB12
Added Pin To Net: NetName=PC10 Pin=MCU1-51
Added Net: Name=PC10
Added Pin To Net: NetName=PC11 Pin=MCU1-52
Added Net: Name=PC11
Added Pin To Net: NetName=PC12 Pin=MCU1-53
Added Net: Name=PC12
Added Pin To Net: NetName=PD2 Pin=MCU1-54
Added Net: Name=PD2
Added Pin To Net: NetName=PGND Pin=C9-2
Added Pin To Net: NetName=PGND Pin=C11-1
Added Pin To Net: NetName=PGND Pin=C16-1
Added Pin To Net: NetName=PGND Pin=C17-2
Added Pin To Net: NetName=PGND Pin=C19-2
Added Pin To Net: NetName=PGND Pin=C22-2
Added Pin To Net: NetName=PGND Pin=C23-2
Added Pin To Net: NetName=PGND Pin=D2-1
Added Pin To Net: NetName=PGND Pin=D6-K
Added Pin To Net: NetName=PGND Pin=D7-K
Added Pin To Net: NetName=PGND Pin=D10-K
Added Pin To Net: NetName=PGND Pin=FD-8
Added Pin To Net: NetName=PGND Pin=LDO1-1
Added Pin To Net: NetName=PGND Pin=LM1-2
Added Pin To Net: NetName=PGND Pin=MOS2-3
Added Pin To Net: NetName=PGND Pin=MOS4-3
Added Pin To Net: NetName=PGND Pin=MOS6-3
Added Pin To Net: NetName=PGND Pin=P4-5
Added Pin To Net: NetName=PGND Pin=R14-2
Added Pin To Net: NetName=PGND Pin=R16-1
Added Pin To Net: NetName=PGND Pin=R17-2
Added Pin To Net: NetName=PGND Pin=R22-2
Added Pin To Net: NetName=PGND Pin=TJA1-2
Added Pin To Net: NetName=PGND Pin=TJA1-8
Added Pin To Net: NetName=PGND Pin=TPS1-6
Added Net: Name=PGND
Added Pin To Net: NetName=RES Pin=MCU1-37
Added Pin To Net: NetName=RES Pin=P6-5
Added Net: Name=RES
Added Pin To Net: NetName=RXD Pin=MCU1-43
Added Pin To Net: NetName=RXD Pin=P2-3
Added Net: Name=RXD
Added Pin To Net: NetName=SCLK Pin=MCU1-34
Added Pin To Net: NetName=SCLK Pin=P6-3
Added Net: Name=SCLK
Added Pin To Net: NetName=SWCLK Pin=MCU1-49
Added Pin To Net: NetName=SWCLK Pin=P1-3
Added Net: Name=SWCLK
Added Pin To Net: NetName=SWDIO Pin=MCU1-46
Added Pin To Net: NetName=SWDIO Pin=P1-2
Added Net: Name=SWDIO
Added Pin To Net: NetName=TXD Pin=MCU1-42
Added Pin To Net: NetName=TXD Pin=P2-4
Added Net: Name=TXD
Added Pin To Net: NetName=VIN Pin=C22-1
Added Pin To Net: NetName=VIN Pin=MOS1-4
Added Pin To Net: NetName=VIN Pin=MOS5-4
Added Pin To Net: NetName=VIN Pin=R23-2
Added Pin To Net: NetName=VIN Pin=TPS1-7
Added Net: Name=VIN
Added Class: Name=brushless
